\BOOKMARK [1][-]{section.1}{Allm\344nt}{}% 1
\BOOKMARK [2][-]{subsection.1.1}{Namn}{section.1}% 2
\BOOKMARK [2][-]{subsection.1.2}{Syfte}{section.1}% 3
\BOOKMARK [2][-]{subsection.1.3}{S\344te}{section.1}% 4
\BOOKMARK [2][-]{subsection.1.4}{Obundenhet \046 idealitet}{section.1}% 5
\BOOKMARK [2][-]{subsection.1.5}{Verksamhets\345r}{section.1}% 6
\BOOKMARK [2][-]{subsection.1.6}{Styrdokument}{section.1}% 7
\BOOKMARK [3][-]{subsubsection.1.6.1}{Tillg\344nglighet}{subsection.1.6}% 8
\BOOKMARK [3][-]{subsubsection.1.6.2}{Stadgetolkning}{subsection.1.6}% 9
\BOOKMARK [3][-]{subsubsection.1.6.3}{Stadgar}{subsection.1.6}% 10
\BOOKMARK [3][-]{subsubsection.1.6.4}{Reglemente}{subsection.1.6}% 11
\BOOKMARK [2][-]{subsection.1.7}{Beslutsniv\345er}{section.1}% 12
\BOOKMARK [2][-]{subsection.1.8}{Officiella informationskanaler}{section.1}% 13
\BOOKMARK [2][-]{subsection.1.9}{Definitioner}{section.1}% 14
\BOOKMARK [3][-]{subsubsection.1.9.1}{L\344sdag}{subsection.1.9}% 15
\BOOKMARK [2][-]{subsection.1.10}{Firmatecknare}{section.1}% 16
\BOOKMARK [1][-]{section.2}{Medlemskap}{}% 17
\BOOKMARK [2][-]{subsection.2.1}{Ordinarie sektionsmedlem}{section.2}% 18
\BOOKMARK [3][-]{subsubsection.2.1.1}{R\344ttigheter}{subsection.2.1}% 19
\BOOKMARK [2][-]{subsection.2.2}{Hedersmedlem}{section.2}% 20
\BOOKMARK [2][-]{subsection.2.3}{Medlemsavgift}{section.2}% 21
\BOOKMARK [2][-]{subsection.2.4}{Alumnimedlem}{section.2}% 22
\BOOKMARK [1][-]{section.3}{\305rsm\366tet}{}% 23
\BOOKMARK [2][-]{subsection.3.1}{Syfte}{section.3}% 24
\BOOKMARK [2][-]{subsection.3.2}{Sammans\344ttning}{section.3}% 25
\BOOKMARK [2][-]{subsection.3.3}{Uppgifter}{section.3}% 26
\BOOKMARK [2][-]{subsection.3.4}{Kallelse}{section.3}% 27
\BOOKMARK [2][-]{subsection.3.5}{Beslut}{section.3}% 28
\BOOKMARK [2][-]{subsection.3.6}{Protokoll}{section.3}% 29
\BOOKMARK [2][-]{subsection.3.7}{Proposition och motion}{section.3}% 30
\BOOKMARK [2][-]{subsection.3.8}{Sammantr\344den}{section.3}% 31
\BOOKMARK [3][-]{subsubsection.3.8.1}{Ordinarie \345rsm\366te}{subsection.3.8}% 32
\BOOKMARK [3][-]{subsubsection.3.8.2}{Extra \345rsm\366te}{subsection.3.8}% 33
\BOOKMARK [1][-]{section.4}{Styrelsen}{}% 34
\BOOKMARK [2][-]{subsection.4.1}{Syfte}{section.4}% 35
\BOOKMARK [2][-]{subsection.4.2}{Sammans\344ttning}{section.4}% 36
\BOOKMARK [2][-]{subsection.4.3}{Styrelsen}{section.4}% 37
\BOOKMARK [3][-]{subsubsection.4.3.1}{Kallelse}{subsection.4.3}% 38
\BOOKMARK [3][-]{subsubsection.4.3.2}{Beslut}{subsection.4.3}% 39
\BOOKMARK [3][-]{subsubsection.4.3.3}{Protokoll}{subsection.4.3}% 40
\BOOKMARK [2][-]{subsection.4.4}{Uppgifter}{section.4}% 41
\BOOKMARK [2][-]{subsection.4.5}{Br\345dskande \344renden}{section.4}% 42
\BOOKMARK [2][-]{subsection.4.6}{St\344llf\366retr\344dande ordf\366rande}{section.4}% 43
\BOOKMARK [2][-]{subsection.4.7}{Per capsulam-beslut}{section.4}% 44
\BOOKMARK [2][-]{subsection.4.8}{Skamr\345d}{section.4}% 45
\BOOKMARK [1][-]{section.5}{Organisation}{}% 46
\BOOKMARK [2][-]{subsection.5.1}{Underf\366reningar}{section.5}% 47
\BOOKMARK [3][-]{subsubsection.5.1.1}{Syfte}{subsection.5.1}% 48
\BOOKMARK [3][-]{subsubsection.5.1.2}{Sammans\344ttning och verksamhet}{subsection.5.1}% 49
\BOOKMARK [3][-]{subsubsection.5.1.3}{Skyldigheter}{subsection.5.1}% 50
\BOOKMARK [3][-]{subsubsection.5.1.4}{Obligatoriska underf\366reningar}{subsection.5.1}% 51
\BOOKMARK [2][-]{subsection.5.2}{Ledam\366ter}{section.5}% 52
\BOOKMARK [3][-]{subsubsection.5.2.1}{\304ndam\345l}{subsection.5.2}% 53
\BOOKMARK [3][-]{subsubsection.5.2.2}{Skyldigheter}{subsection.5.2}% 54
\BOOKMARK [3][-]{subsubsection.5.2.3}{Mandatperiod}{subsection.5.2}% 55
\BOOKMARK [3][-]{subsubsection.5.2.4}{Obligatoriska ledam\366ter}{subsection.5.2}% 56
\BOOKMARK [2][-]{subsection.5.3}{Projekt}{section.5}% 57
\BOOKMARK [3][-]{subsubsection.5.3.1}{Syfte}{subsection.5.3}% 58
\BOOKMARK [3][-]{subsubsection.5.3.2}{Uppstart}{subsection.5.3}% 59
\BOOKMARK [3][-]{subsubsection.5.3.3}{Avslutning}{subsection.5.3}% 60
\BOOKMARK [3][-]{subsubsection.5.3.4}{Projektledare}{subsection.5.3}% 61
\BOOKMARK [1][-]{section.6}{Revision}{}% 62
\BOOKMARK [2][-]{subsection.6.1}{Revisorer}{section.6}% 63
\BOOKMARK [3][-]{subsubsection.6.1.1}{Befogenheter}{subsection.6.1}% 64
\BOOKMARK [3][-]{subsubsection.6.1.2}{Uppgifter}{subsection.6.1}% 65
\BOOKMARK [2][-]{subsection.6.2}{Verksamhetsber\344ttelse och \345rsbokslut}{section.6}% 66
\BOOKMARK [1][-]{section.7}{Uppl\366sning}{}% 67
\BOOKMARK [2][-]{subsection.7.1}{Beslut}{section.7}% 68
\BOOKMARK [2][-]{subsection.7.2}{Avregistrering}{section.7}% 69
\BOOKMARK [2][-]{subsection.7.3}{Tillg\345ngar}{section.7}% 70
