\BOOKMARK [1][-]{section.1}{Insignia}{}% 1
\BOOKMARK [2][-]{subsection.1.1}{F\344rg}{section.1}% 2
\BOOKMARK [2][-]{subsection.1.2}{Symbol}{section.1}% 3
\BOOKMARK [1][-]{section.2}{Sektionskl\344dsel}{}% 4
\BOOKMARK [2][-]{subsection.2.1}{F\344rg}{section.2}% 5
\BOOKMARK [2][-]{subsection.2.2}{Rekomenderat utseende och placering av diverse m\344rken}{section.2}% 6
\BOOKMARK [1][-]{section.3}{Officiella informationskanaler}{}% 7
\BOOKMARK [2][-]{subsection.3.1}{Inofficiella informationskanaler}{section.3}% 8
\BOOKMARK [1][-]{section.4}{Underf\366reningar}{}% 9
\BOOKMARK [2][-]{subsection.4.1}{Studier\345det}{section.4}% 10
\BOOKMARK [3][-]{subsubsection.4.1.1}{Syfte}{subsection.4.1}% 11
\BOOKMARK [3][-]{subsubsection.4.1.2}{Organisation}{subsection.4.1}% 12
\BOOKMARK [3][-]{subsubsection.4.1.3}{Verksamhet}{subsection.4.1}% 13
\BOOKMARK [2][-]{subsection.4.2}{FUSK - FysKams Utilit\344ristiska SpelKompani}{section.4}% 14
\BOOKMARK [3][-]{subsubsection.4.2.1}{Syfte}{subsection.4.2}% 15
\BOOKMARK [3][-]{subsubsection.4.2.2}{Organisation}{subsection.4.2}% 16
\BOOKMARK [3][-]{subsubsection.4.2.3}{Verksamhet}{subsection.4.2}% 17
\BOOKMARK [2][-]{subsection.4.3}{Festkommiten}{section.4}% 18
\BOOKMARK [3][-]{subsubsection.4.3.1}{Syfte}{subsection.4.3}% 19
\BOOKMARK [3][-]{subsubsection.4.3.2}{Organisation}{subsection.4.3}% 20
\BOOKMARK [3][-]{subsubsection.4.3.3}{Verksamhet}{subsection.4.3}% 21
\BOOKMARK [3][-]{subsubsection.4.3.4}{Bokf\366ringsplikt}{subsection.4.3}% 22
\BOOKMARK [1][-]{section.5}{F\366rtroendeposter}{}% 23
\BOOKMARK [2][-]{subsection.5.1}{Styrelsen}{section.5}% 24
\BOOKMARK [3][-]{subsubsection.5.1.1}{Ordf\366rande}{subsection.5.1}% 25
\BOOKMARK [3][-]{subsubsection.5.1.2}{Vice ordf\366rande}{subsection.5.1}% 26
\BOOKMARK [3][-]{subsubsection.5.1.3}{Sekreterare}{subsection.5.1}% 27
\BOOKMARK [3][-]{subsubsection.5.1.4}{Kass\366r}{subsection.5.1}% 28
\BOOKMARK [3][-]{subsubsection.5.1.5}{Ink\366psansvarig}{subsection.5.1}% 29
\BOOKMARK [3][-]{subsubsection.5.1.6}{Festansvarig}{subsection.5.1}% 30
\BOOKMARK [3][-]{subsubsection.5.1.7}{Informationsansvarig}{subsection.5.1}% 31
\BOOKMARK [3][-]{subsubsection.5.1.8}{Lokalansvarig}{subsection.5.1}% 32
\BOOKMARK [3][-]{subsubsection.5.1.9}{Alumnansvarig}{subsection.5.1}% 33
\BOOKMARK [2][-]{subsection.5.2}{Underf\366reningsordf\366rande}{section.5}% 34
\BOOKMARK [2][-]{subsection.5.3}{\326vriga f\366rtroendeposter}{section.5}% 35
\BOOKMARK [3][-]{subsubsection.5.3.1}{K\345rfullm\344ktigeledam\366ter}{subsection.5.3}% 36
\BOOKMARK [3][-]{subsubsection.5.3.2}{J\344mlikhetsansvarig}{subsection.5.3}% 37
\BOOKMARK [3][-]{subsubsection.5.3.3}{Fanb\344rare}{subsection.5.3}% 38
\BOOKMARK [3][-]{subsubsection.5.3.4}{Vice fanb\344rare}{subsection.5.3}% 39
\BOOKMARK [3][-]{subsubsection.5.3.5}{Sektionhistoriker}{subsection.5.3}% 40
\BOOKMARK [3][-]{subsubsection.5.3.6}{Revisorer}{subsection.5.3}% 41
\BOOKMARK [2][-]{subsection.5.4}{Valberedning}{section.5}% 42
\BOOKMARK [1][-]{section.6}{Ordinarie \345rsm\366te}{}% 43
\BOOKMARK [2][-]{subsection.6.1}{Dagordning}{section.6}% 44
\BOOKMARK [1][-]{section.7}{F\366rtj\344nsttecken och ordnar}{}% 45
\BOOKMARK [2][-]{subsection.7.1}{Medaljen}{section.7}% 46
\BOOKMARK [3][-]{subsubsection.7.1.1}{Syfte}{subsection.7.1}% 47
\BOOKMARK [3][-]{subsubsection.7.1.2}{F\366rslagsl\344mning}{subsection.7.1}% 48
\BOOKMARK [3][-]{subsubsection.7.1.3}{Utdelning}{subsection.7.1}% 49
\BOOKMARK [2][-]{subsection.7.2}{Ordnar}{section.7}% 50
\BOOKMARK [3][-]{subsubsection.7.2.1}{Ordf\366rande Emeritus}{subsection.7.2}% 51
\BOOKMARK [3][-]{subsubsection.7.2.2}{Festansvarig Emeritus}{subsection.7.2}% 52
\BOOKMARK [2][-]{subsection.7.3}{F\366rtroendevaldsmedalj}{section.7}% 53
\BOOKMARK [3][-]{subsubsection.7.3.1}{Syfte}{subsection.7.3}% 54
\BOOKMARK [3][-]{subsubsection.7.3.2}{Utdelning}{subsection.7.3}% 55
\BOOKMARK [2][-]{subsection.7.4}{Projektledarmedaljen}{section.7}% 56
\BOOKMARK [3][-]{subsubsection.7.4.1}{Syfte}{subsection.7.4}% 57
\BOOKMARK [3][-]{subsubsection.7.4.2}{Urval}{subsection.7.4}% 58
\BOOKMARK [3][-]{subsubsection.7.4.3}{Utdelning}{subsection.7.4}% 59
\BOOKMARK [1][-]{section.8}{Sektionslokalen}{}% 60
\BOOKMARK [2][-]{subsection.8.1}{Alkohol}{section.8}% 61
\BOOKMARK [2][-]{subsection.8.2}{\326vriga regler}{section.8}% 62
\BOOKMARK [1][-]{section.9}{\326vrigt}{}% 63
\BOOKMARK [2][-]{subsection.9.1}{Hedersbetygelser}{section.9}% 64
\BOOKMARK [3][-]{subsubsection.9.1.1}{Typ av honn\366r}{subsection.9.1}% 65
